# JRE version: OpenJDK Runtime Environment (8.0_152-b01) (build 1.8.0_152-release-1343-b01)
# Java VM: OpenJDK 64-Bit Server VM (25.152-b01 mixed mode windows-amd64 compressed oops)
Heap:
 PSYoungGen      total 401408K, used 79920K [0x00000000e0000000, 0x00000000fbd00000, 0x0000000100000000)
  eden space 366592K, 15% used [0x00000000e0000000,0x00000000e387e328,0x00000000f6600000)
  from space 34816K, 63% used [0x00000000f9b00000,0x00000000fb08de48,0x00000000fbd00000)
  to   space 44544K, 0% used [0x00000000f6600000,0x00000000f6600000,0x00000000f9180000)
 ParOldGen       total 211456K, used 44807K [0x00000000a0000000, 0x00000000ace80000, 0x00000000e0000000)
  object space 211456K, 21% used [0x00000000a0000000,0x00000000a2bc1db0,0x00000000ace80000)
 Metaspace       used 115062K, capacity 120178K, committed 120320K, reserved 1155072K
  class space    used 14604K, capacity 15553K, committed 15616K, reserved 1048576K
GC Heap History (10 events):
Event: 2145.055 GC heap before
{Heap before GC invocations=16 (full 4):
 PSYoungGen      total 321536K, used 11806K [0x00000000e0000000, 0x00000000f7280000, 0x0000000100000000)
  eden space 300544K, 0% used [0x00000000e0000000,0x00000000e0000000,0x00000000f2580000)
  from space 20992K, 56% used [0x00000000f5e00000,0x00000000f6987810,0x00000000f7280000)
  to   space 39424K, 0% used [0x00000000f2580000,0x00000000f2580000,0x00000000f4c00000)
 ParOldGen       total 144384K, used 70352K [0x00000000a0000000, 0x00000000a8d00000, 0x00000000e0000000)
  object space 144384K, 48% used [0x00000000a0000000,0x00000000a44b4338,0x00000000a8d00000)
 Metaspace       used 94495K, capacity 98442K, committed 98496K, reserved 1134592K
  class space    used 12162K, capacity 12912K, committed 12928K, reserved 1048576K
Event: 2145.435 GC heap after
Heap after GC invocations=16 (full 4):
 PSYoungGen      total 321536K, used 0K [0x00000000e0000000, 0x00000000f7280000, 0x0000000100000000)
  eden space 300544K, 0% used [0x00000000e0000000,0x00000000e0000000,0x00000000f2580000)
  from space 20992K, 0% used [0x00000000f5e00000,0x00000000f5e00000,0x00000000f7280000)
  to   space 39424K, 0% used [0x00000000f2580000,0x00000000f2580000,0x00000000f4c00000)
 ParOldGen       total 211456K, used 44775K [0x00000000a0000000, 0x00000000ace80000, 0x00000000e0000000)
  object space 211456K, 21% used [0x00000000a0000000,0x00000000a2bb9db0,0x00000000ace80000)
 Metaspace       used 93291K, capacity 96290K, committed 98496K, reserved 1134592K
  class space    used 11950K, capacity 12551K, committed 12928K, reserved 1048576K
}
Event: 2258.370 GC heap before
{Heap before GC invocations=17 (full 4):
 PSYoungGen      total 321536K, used 300544K [0x00000000e0000000, 0x00000000f7280000, 0x0000000100000000)
  eden space 300544K, 100% used [0x00000000e0000000,0x00000000f2580000,0x00000000f2580000)
  from space 20992K, 0% used [0x00000000f5e00000,0x00000000f5e00000,0x00000000f7280000)
  to   space 39424K, 0% used [0x00000000f2580000,0x00000000f2580000,0x00000000f4c00000)
 ParOldGen       total 211456K, used 44775K [0x00000000a0000000, 0x00000000ace80000, 0x00000000e0000000)
  object space 211456K, 21% used [0x00000000a0000000,0x00000000a2bb9db0,0x00000000ace80000)
 Metaspace       used 100709K, capacity 103902K, committed 105472K, reserved 1140736K
  class space    used 12820K, capacity 13517K, committed 13824K, reserved 1048576K
Event: 2258.435 GC heap after
Heap after GC invocations=17 (full 4):
 PSYoungGen      total 339968K, used 38019K [0x00000000e0000000, 0x00000000fab00000, 0x0000000100000000)
  eden space 300544K, 0% used [0x00000000e0000000,0x00000000e0000000,0x00000000f2580000)
  from space 39424K, 96% used [0x00000000f2580000,0x00000000f4aa0e80,0x00000000f4c00000)
  to   space 45056K, 0% used [0x00000000f7f00000,0x00000000f7f00000,0x00000000fab00000)
 ParOldGen       total 211456K, used 44775K [0x00000000a0000000, 0x00000000ace80000, 0x00000000e0000000)
  object space 211456K, 21% used [0x00000000a0000000,0x00000000a2bb9db0,0x00000000ace80000)
 Metaspace       used 100709K, capacity 103902K, committed 105472K, reserved 1140736K
  class space    used 12820K, capacity 13517K, committed 13824K, reserved 1048576K
}
Event: 2317.116 GC heap before
{Heap before GC invocations=18 (full 4):
 PSYoungGen      total 339968K, used 338563K [0x00000000e0000000, 0x00000000fab00000, 0x0000000100000000)
  eden space 300544K, 100% used [0x00000000e0000000,0x00000000f2580000,0x00000000f2580000)
  from space 39424K, 96% used [0x00000000f2580000,0x00000000f4aa0e80,0x00000000f4c00000)
  to   space 45056K, 0% used [0x00000000f7f00000,0x00000000f7f00000,0x00000000fab00000)
 ParOldGen       total 211456K, used 44775K [0x00000000a0000000, 0x00000000ace80000, 0x00000000e0000000)
  object space 211456K, 21% used [0x00000000a0000000,0x00000000a2bb9db0,0x00000000ace80000)
 Metaspace       used 112394K, capacity 116622K, committed 116864K, reserved 1150976K
  class space    used 14299K, capacity 15127K, committed 15232K, reserved 1048576K
Event: 2317.162 GC heap after
Heap after GC invocations=18 (full 4):
 PSYoungGen      total 378880K, used 30959K [0x00000000e0000000, 0x00000000fa600000, 0x0000000100000000)
  eden space 338944K, 0% used [0x00000000e0000000,0x00000000e0000000,0x00000000f4b00000)
  from space 39936K, 77% used [0x00000000f7f00000,0x00000000f9d3bcf8,0x00000000fa600000)
  to   space 46592K, 0% used [0x00000000f4b00000,0x00000000f4b00000,0x00000000f7880000)
 ParOldGen       total 211456K, used 44791K [0x00000000a0000000, 0x00000000ace80000, 0x00000000e0000000)
  object space 211456K, 21% used [0x00000000a0000000,0x00000000a2bbddb0,0x00000000ace80000)
 Metaspace       used 112394K, capacity 116622K, committed 116864K, reserved 1150976K
  class space    used 14299K, capacity 15127K, committed 15232K, reserved 1048576K
}
Event: 2480.922 GC heap before
{Heap before GC invocations=19 (full 4):
 PSYoungGen      total 378880K, used 369148K [0x00000000e0000000, 0x00000000fa600000, 0x0000000100000000)
  eden space 338944K, 99% used [0x00000000e0000000,0x00000000f4a43448,0x00000000f4b00000)
  from space 39936K, 77% used [0x00000000f7f00000,0x00000000f9d3bcf8,0x00000000fa600000)
  to   space 46592K, 0% used [0x00000000f4b00000,0x00000000f4b00000,0x00000000f7880000)
 ParOldGen       total 211456K, used 44791K [0x00000000a0000000, 0x00000000ace80000, 0x00000000e0000000)
  object space 211456K, 21% used [0x00000000a0000000,0x00000000a2bbddb0,0x00000000ace80000)
 Metaspace       used 113416K, capacity 118008K, committed 118272K, reserved 1153024K
  class space    used 14369K, capacity 15254K, committed 15360K, reserved 1048576K
Event: 2480.969 GC heap after
Heap after GC invocations=19 (full 4):
 PSYoungGen      total 385536K, used 28248K [0x00000000e0000000, 0x00000000fc900000, 0x0000000100000000)
  eden space 338944K, 0% used [0x00000000e0000000,0x00000000e0000000,0x00000000f4b00000)
  from space 46592K, 60% used [0x00000000f4b00000,0x00000000f66961a8,0x00000000f7880000)
  to   space 47104K, 0% used [0x00000000f9b00000,0x00000000f9b00000,0x00000000fc900000)
 ParOldGen       total 211456K, used 44799K [0x00000000a0000000, 0x00000000ace80000, 0x00000000e0000000)
  object space 211456K, 21% used [0x00000000a0000000,0x00000000a2bbfdb0,0x00000000ace80000)
 Metaspace       used 113416K, capacity 118008K, committed 118272K, reserved 1153024K
  class space    used 14369K, capacity 15254K, committed 15360K, reserved 1048576K
}
Event: 2719.161 GC heap before
{Heap before GC invocations=20 (full 4):
 PSYoungGen      total 385536K, used 367192K [0x00000000e0000000, 0x00000000fc900000, 0x0000000100000000)
  eden space 338944K, 100% used [0x00000000e0000000,0x00000000f4b00000,0x00000000f4b00000)
  from space 46592K, 60% used [0x00000000f4b00000,0x00000000f66961a8,0x00000000f7880000)
  to   space 47104K, 0% used [0x00000000f9b00000,0x00000000f9b00000,0x00000000fc900000)
 ParOldGen       total 211456K, used 44799K [0x00000000a0000000, 0x00000000ace80000, 0x00000000e0000000)
  object space 211456K, 21% used [0x00000000a0000000,0x00000000a2bbfdb0,0x00000000ace80000)
 Metaspace       used 114664K, capacity 119586K, committed 119808K, reserved 1153024K
  class space    used 14533K, capacity 15469K, committed 15616K, reserved 1048576K
Event: 2719.193 GC heap after
Heap after GC invocations=20 (full 4):
 PSYoungGen      total 401408K, used 22071K [0x00000000e0000000, 0x00000000fbd00000, 0x0000000100000000)
  eden space 366592K, 0% used [0x00000000e0000000,0x00000000e0000000,0x00000000f6600000)
  from space 34816K, 63% used [0x00000000f9b00000,0x00000000fb08de48,0x00000000fbd00000)
  to   space 44544K, 0% used [0x00000000f6600000,0x00000000f6600000,0x00000000f9180000)
 ParOldGen       total 211456K, used 44807K [0x00000000a0000000, 0x00000000ace80000, 0x00000000e0000000)
  object space 211456K, 21% used [0x00000000a0000000,0x00000000a2bc1db0,0x00000000ace80000)
 Metaspace       used 114664K, capacity 119586K, committed 119808K, reserved 1153024K
  class space    used 14533K, capacity 15469K, committed 15616K, reserved 1048576K
}

