# JRE version: OpenJDK Runtime Environment (8.0_152-b01) (build 1.8.0_152-release-1343-b01)
# Java VM: OpenJDK 64-Bit Server VM (25.152-b01 mixed mode windows-amd64 compressed oops)
Heap:
 PSYoungGen      total 133632K, used 38625K [0x00000000e0000000, 0x00000000eb580000, 0x0000000100000000)
  eden space 120832K, 31% used [0x00000000e0000000,0x00000000e25b8698,0x00000000e7600000)
  from space 12800K, 0% used [0x00000000ea900000,0x00000000ea900000,0x00000000eb580000)
  to   space 11264K, 0% used [0x00000000e7600000,0x00000000e7600000,0x00000000e8100000)
 ParOldGen       total 87040K, used 15816K [0x00000000a0000000, 0x00000000a5500000, 0x00000000e0000000)
  object space 87040K, 18% used [0x00000000a0000000,0x00000000a0f72378,0x00000000a5500000)
 Metaspace       used 40829K, capacity 41662K, committed 41984K, reserved 1085440K
  class space    used 5546K, capacity 5761K, committed 5888K, reserved 1048576K
GC Heap History (10 events):
Event: 6.620 GC heap before
{Heap before GC invocations=6 (full 1):
 PSYoungGen      total 67072K, used 5117K [0x00000000e0000000, 0x00000000e9000000, 0x0000000100000000)
  eden space 61952K, 0% used [0x00000000e0000000,0x00000000e0000000,0x00000000e3c80000)
  from space 5120K, 99% used [0x00000000e3c80000,0x00000000e417f650,0x00000000e4180000)
  to   space 11776K, 0% used [0x00000000e8480000,0x00000000e8480000,0x00000000e9000000)
 ParOldGen       total 87552K, used 10547K [0x00000000a0000000, 0x00000000a5580000, 0x00000000e0000000)
  object space 87552K, 12% used [0x00000000a0000000,0x00000000a0a4ce70,0x00000000a5580000)
 Metaspace       used 20613K, capacity 21130K, committed 21296K, reserved 1067008K
  class space    used 2891K, capacity 3091K, committed 3200K, reserved 1048576K
Event: 6.681 GC heap after
Heap after GC invocations=6 (full 1):
 PSYoungGen      total 67072K, used 0K [0x00000000e0000000, 0x00000000e9000000, 0x0000000100000000)
  eden space 61952K, 0% used [0x00000000e0000000,0x00000000e0000000,0x00000000e3c80000)
  from space 5120K, 0% used [0x00000000e3c80000,0x00000000e3c80000,0x00000000e4180000)
  to   space 11776K, 0% used [0x00000000e8480000,0x00000000e8480000,0x00000000e9000000)
 ParOldGen       total 61440K, used 10380K [0x00000000a0000000, 0x00000000a3c00000, 0x00000000e0000000)
  object space 61440K, 16% used [0x00000000a0000000,0x00000000a0a233f0,0x00000000a3c00000)
 Metaspace       used 20613K, capacity 21130K, committed 21296K, reserved 1067008K
  class space    used 2891K, capacity 3091K, committed 3200K, reserved 1048576K
}
Event: 7.779 GC heap before
{Heap before GC invocations=7 (full 1):
 PSYoungGen      total 67072K, used 61952K [0x00000000e0000000, 0x00000000e9000000, 0x0000000100000000)
  eden space 61952K, 100% used [0x00000000e0000000,0x00000000e3c80000,0x00000000e3c80000)
  from space 5120K, 0% used [0x00000000e3c80000,0x00000000e3c80000,0x00000000e4180000)
  to   space 11776K, 0% used [0x00000000e8480000,0x00000000e8480000,0x00000000e9000000)
 ParOldGen       total 61440K, used 10380K [0x00000000a0000000, 0x00000000a3c00000, 0x00000000e0000000)
  object space 61440K, 16% used [0x00000000a0000000,0x00000000a0a233f0,0x00000000a3c00000)
 Metaspace       used 28551K, capacity 29074K, committed 29440K, reserved 1075200K
  class space    used 3831K, capacity 4002K, committed 4096K, reserved 1048576K
Event: 7.792 GC heap after
Heap after GC invocations=7 (full 1):
 PSYoungGen      total 108544K, used 7566K [0x00000000e0000000, 0x00000000e8c00000, 0x0000000100000000)
  eden space 100864K, 0% used [0x00000000e0000000,0x00000000e0000000,0x00000000e6280000)
  from space 7680K, 98% used [0x00000000e8480000,0x00000000e8be3be8,0x00000000e8c00000)
  to   space 11264K, 0% used [0x00000000e7600000,0x00000000e7600000,0x00000000e8100000)
 ParOldGen       total 61440K, used 10388K [0x00000000a0000000, 0x00000000a3c00000, 0x00000000e0000000)
  object space 61440K, 16% used [0x00000000a0000000,0x00000000a0a253f0,0x00000000a3c00000)
 Metaspace       used 28551K, capacity 29074K, committed 29440K, reserved 1075200K
  class space    used 3831K, capacity 4002K, committed 4096K, reserved 1048576K
}
Event: 10.945 GC heap before
{Heap before GC invocations=8 (full 1):
 PSYoungGen      total 108544K, used 108430K [0x00000000e0000000, 0x00000000e8c00000, 0x0000000100000000)
  eden space 100864K, 100% used [0x00000000e0000000,0x00000000e6280000,0x00000000e6280000)
  from space 7680K, 98% used [0x00000000e8480000,0x00000000e8be3be8,0x00000000e8c00000)
  to   space 11264K, 0% used [0x00000000e7600000,0x00000000e7600000,0x00000000e8100000)
 ParOldGen       total 61440K, used 10388K [0x00000000a0000000, 0x00000000a3c00000, 0x00000000e0000000)
  object space 61440K, 16% used [0x00000000a0000000,0x00000000a0a253f0,0x00000000a3c00000)
 Metaspace       used 33464K, capacity 34102K, committed 34304K, reserved 1079296K
  class space    used 4597K, capacity 4809K, committed 4864K, reserved 1048576K
Event: 10.963 GC heap after
Heap after GC invocations=8 (full 1):
 PSYoungGen      total 132096K, used 11249K [0x00000000e0000000, 0x00000000eb580000, 0x0000000100000000)
  eden space 120832K, 0% used [0x00000000e0000000,0x00000000e0000000,0x00000000e7600000)
  from space 11264K, 99% used [0x00000000e7600000,0x00000000e80fc7b8,0x00000000e8100000)
  to   space 12800K, 0% used [0x00000000ea900000,0x00000000ea900000,0x00000000eb580000)
 ParOldGen       total 61440K, used 10450K [0x00000000a0000000, 0x00000000a3c00000, 0x00000000e0000000)
  object space 61440K, 17% used [0x00000000a0000000,0x00000000a0a34890,0x00000000a3c00000)
 Metaspace       used 33464K, capacity 34102K, committed 34304K, reserved 1079296K
  class space    used 4597K, capacity 4809K, committed 4864K, reserved 1048576K
}
Event: 11.340 GC heap before
{Heap before GC invocations=9 (full 1):
 PSYoungGen      total 132096K, used 28408K [0x00000000e0000000, 0x00000000eb580000, 0x0000000100000000)
  eden space 120832K, 14% used [0x00000000e0000000,0x00000000e10c1b88,0x00000000e7600000)
  from space 11264K, 99% used [0x00000000e7600000,0x00000000e80fc7b8,0x00000000e8100000)
  to   space 12800K, 0% used [0x00000000ea900000,0x00000000ea900000,0x00000000eb580000)
 ParOldGen       total 61440K, used 10450K [0x00000000a0000000, 0x00000000a3c00000, 0x00000000e0000000)
  object space 61440K, 17% used [0x00000000a0000000,0x00000000a0a34890,0x00000000a3c00000)
 Metaspace       used 34772K, capacity 35414K, committed 35456K, reserved 1079296K
  class space    used 4789K, capacity 4988K, committed 4992K, reserved 1048576K
Event: 11.363 GC heap after
Heap after GC invocations=9 (full 1):
 PSYoungGen      total 133632K, used 8722K [0x00000000e0000000, 0x00000000eb580000, 0x0000000100000000)
  eden space 120832K, 0% used [0x00000000e0000000,0x00000000e0000000,0x00000000e7600000)
  from space 12800K, 68% used [0x00000000ea900000,0x00000000eb184880,0x00000000eb580000)
  to   space 11264K, 0% used [0x00000000e7600000,0x00000000e7600000,0x00000000e8100000)
 ParOldGen       total 61440K, used 10458K [0x00000000a0000000, 0x00000000a3c00000, 0x00000000e0000000)
  object space 61440K, 17% used [0x00000000a0000000,0x00000000a0a36890,0x00000000a3c00000)
 Metaspace       used 34772K, capacity 35414K, committed 35456K, reserved 1079296K
  class space    used 4789K, capacity 4988K, committed 4992K, reserved 1048576K
}
Event: 11.363 GC heap before
{Heap before GC invocations=10 (full 2):
 PSYoungGen      total 133632K, used 8722K [0x00000000e0000000, 0x00000000eb580000, 0x0000000100000000)
  eden space 120832K, 0% used [0x00000000e0000000,0x00000000e0000000,0x00000000e7600000)
  from space 12800K, 68% used [0x00000000ea900000,0x00000000eb184880,0x00000000eb580000)
  to   space 11264K, 0% used [0x00000000e7600000,0x00000000e7600000,0x00000000e8100000)
 ParOldGen       total 61440K, used 10458K [0x00000000a0000000, 0x00000000a3c00000, 0x00000000e0000000)
  object space 61440K, 17% used [0x00000000a0000000,0x00000000a0a36890,0x00000000a3c00000)
 Metaspace       used 34772K, capacity 35414K, committed 35456K, reserved 1079296K
  class space    used 4789K, capacity 4988K, committed 4992K, reserved 1048576K
Event: 11.504 GC heap after
Heap after GC invocations=10 (full 2):
 PSYoungGen      total 133632K, used 0K [0x00000000e0000000, 0x00000000eb580000, 0x0000000100000000)
  eden space 120832K, 0% used [0x00000000e0000000,0x00000000e0000000,0x00000000e7600000)
  from space 12800K, 0% used [0x00000000ea900000,0x00000000ea900000,0x00000000eb580000)
  to   space 11264K, 0% used [0x00000000e7600000,0x00000000e7600000,0x00000000e8100000)
 ParOldGen       total 87040K, used 15816K [0x00000000a0000000, 0x00000000a5500000, 0x00000000e0000000)
  object space 87040K, 18% used [0x00000000a0000000,0x00000000a0f72378,0x00000000a5500000)
 Metaspace       used 34772K, capacity 35414K, committed 35456K, reserved 1079296K
  class space    used 4789K, capacity 4988K, committed 4992K, reserved 1048576K
}

