# JRE version: OpenJDK Runtime Environment (8.0_152-b01) (build 1.8.0_152-release-1343-b01)
# Java VM: OpenJDK 64-Bit Server VM (25.152-b01 mixed mode windows-amd64 compressed oops)
Heap:
 PSYoungGen      total 167936K, used 83965K [0x00000000e0000000, 0x00000000eb880000, 0x0000000100000000)
  eden space 147968K, 51% used [0x00000000e0000000,0x00000000e4b12ca0,0x00000000e9080000)
  from space 19968K, 35% used [0x00000000e9080000,0x00000000e976c998,0x00000000ea400000)
  to   space 19456K, 0% used [0x00000000ea580000,0x00000000ea580000,0x00000000eb880000)
 ParOldGen       total 206848K, used 50565K [0x00000000a0000000, 0x00000000aca00000, 0x00000000e0000000)
  object space 206848K, 24% used [0x00000000a0000000,0x00000000a3161618,0x00000000aca00000)
 Metaspace       used 83147K, capacity 86738K, committed 86912K, reserved 1124352K
  class space    used 10676K, capacity 11326K, committed 11392K, reserved 1048576K
GC Heap History (10 events):
Event: 36.567 GC heap before
{Heap before GC invocations=19 (full 4):
 PSYoungGen      total 159744K, used 159724K [0x00000000e0000000, 0x00000000eb780000, 0x0000000100000000)
  eden space 140288K, 100% used [0x00000000e0000000,0x00000000e8900000,0x00000000e8900000)
  from space 19456K, 99% used [0x00000000e9f00000,0x00000000eb1fb348,0x00000000eb200000)
  to   space 22528K, 0% used [0x00000000e8900000,0x00000000e8900000,0x00000000e9f00000)
 ParOldGen       total 206848K, used 36915K [0x00000000a0000000, 0x00000000aca00000, 0x00000000e0000000)
  object space 206848K, 17% used [0x00000000a0000000,0x00000000a240cfb8,0x00000000aca00000)
 Metaspace       used 74293K, capacity 77270K, committed 77568K, reserved 1116160K
  class space    used 9826K, capacity 10430K, committed 10496K, reserved 1048576K
Event: 36.648 GC heap after
Heap after GC invocations=19 (full 4):
 PSYoungGen      total 162816K, used 6139K [0x00000000e0000000, 0x00000000eba00000, 0x0000000100000000)
  eden space 140288K, 0% used [0x00000000e0000000,0x00000000e0000000,0x00000000e8900000)
  from space 22528K, 27% used [0x00000000e8900000,0x00000000e8efefd0,0x00000000e9f00000)
  to   space 22016K, 0% used [0x00000000ea480000,0x00000000ea480000,0x00000000eba00000)
 ParOldGen       total 206848K, used 50533K [0x00000000a0000000, 0x00000000aca00000, 0x00000000e0000000)
  object space 206848K, 24% used [0x00000000a0000000,0x00000000a3159618,0x00000000aca00000)
 Metaspace       used 74293K, capacity 77270K, committed 77568K, reserved 1116160K
  class space    used 9826K, capacity 10430K, committed 10496K, reserved 1048576K
}
Event: 39.017 GC heap before
{Heap before GC invocations=20 (full 4):
 PSYoungGen      total 162816K, used 146427K [0x00000000e0000000, 0x00000000eba00000, 0x0000000100000000)
  eden space 140288K, 100% used [0x00000000e0000000,0x00000000e8900000,0x00000000e8900000)
  from space 22528K, 27% used [0x00000000e8900000,0x00000000e8efefd0,0x00000000e9f00000)
  to   space 22016K, 0% used [0x00000000ea480000,0x00000000ea480000,0x00000000eba00000)
 ParOldGen       total 206848K, used 50533K [0x00000000a0000000, 0x00000000aca00000, 0x00000000e0000000)
  object space 206848K, 24% used [0x00000000a0000000,0x00000000a3159618,0x00000000aca00000)
 Metaspace       used 75093K, capacity 78134K, committed 78464K, reserved 1118208K
  class space    used 9886K, capacity 10502K, committed 10624K, reserved 1048576K
Event: 39.026 GC heap after
Heap after GC invocations=20 (full 4):
 PSYoungGen      total 166400K, used 4370K [0x00000000e0000000, 0x00000000eb900000, 0x0000000100000000)
  eden space 145408K, 0% used [0x00000000e0000000,0x00000000e0000000,0x00000000e8e00000)
  from space 20992K, 20% used [0x00000000ea480000,0x00000000ea8c49a0,0x00000000eb900000)
  to   space 22016K, 0% used [0x00000000e8e00000,0x00000000e8e00000,0x00000000ea380000)
 ParOldGen       total 206848K, used 50541K [0x00000000a0000000, 0x00000000aca00000, 0x00000000e0000000)
  object space 206848K, 24% used [0x00000000a0000000,0x00000000a315b618,0x00000000aca00000)
 Metaspace       used 75093K, capacity 78134K, committed 78464K, reserved 1118208K
  class space    used 9886K, capacity 10502K, committed 10624K, reserved 1048576K
}
Event: 43.419 GC heap before
{Heap before GC invocations=21 (full 4):
 PSYoungGen      total 166400K, used 149778K [0x00000000e0000000, 0x00000000eb900000, 0x0000000100000000)
  eden space 145408K, 100% used [0x00000000e0000000,0x00000000e8e00000,0x00000000e8e00000)
  from space 20992K, 20% used [0x00000000ea480000,0x00000000ea8c49a0,0x00000000eb900000)
  to   space 22016K, 0% used [0x00000000e8e00000,0x00000000e8e00000,0x00000000ea380000)
 ParOldGen       total 206848K, used 50541K [0x00000000a0000000, 0x00000000aca00000, 0x00000000e0000000)
  object space 206848K, 24% used [0x00000000a0000000,0x00000000a315b618,0x00000000aca00000)
 Metaspace       used 78973K, capacity 82370K, committed 82560K, reserved 1120256K
  class space    used 10468K, capacity 11092K, committed 11136K, reserved 1048576K
Event: 43.430 GC heap after
Heap after GC invocations=21 (full 4):
 PSYoungGen      total 167424K, used 7010K [0x00000000e0000000, 0x00000000eba00000, 0x0000000100000000)
  eden space 145408K, 0% used [0x00000000e0000000,0x00000000e0000000,0x00000000e8e00000)
  from space 22016K, 31% used [0x00000000e8e00000,0x00000000e94d88c8,0x00000000ea380000)
  to   space 20992K, 0% used [0x00000000ea580000,0x00000000ea580000,0x00000000eba00000)
 ParOldGen       total 206848K, used 50549K [0x00000000a0000000, 0x00000000aca00000, 0x00000000e0000000)
  object space 206848K, 24% used [0x00000000a0000000,0x00000000a315d618,0x00000000aca00000)
 Metaspace       used 78973K, capacity 82370K, committed 82560K, reserved 1120256K
  class space    used 10468K, capacity 11092K, committed 11136K, reserved 1048576K
}
Event: 65.836 GC heap before
{Heap before GC invocations=22 (full 4):
 PSYoungGen      total 167424K, used 152418K [0x00000000e0000000, 0x00000000eba00000, 0x0000000100000000)
  eden space 145408K, 100% used [0x00000000e0000000,0x00000000e8e00000,0x00000000e8e00000)
  from space 22016K, 31% used [0x00000000e8e00000,0x00000000e94d88c8,0x00000000ea380000)
  to   space 20992K, 0% used [0x00000000ea580000,0x00000000ea580000,0x00000000eba00000)
 ParOldGen       total 206848K, used 50549K [0x00000000a0000000, 0x00000000aca00000, 0x00000000e0000000)
  object space 206848K, 24% used [0x00000000a0000000,0x00000000a315d618,0x00000000aca00000)
 Metaspace       used 82370K, capacity 85890K, committed 86144K, reserved 1124352K
  class space    used 10653K, capacity 11294K, committed 11392K, reserved 1048576K
Event: 65.853 GC heap after
Heap after GC invocations=22 (full 4):
 PSYoungGen      total 166400K, used 9351K [0x00000000e0000000, 0x00000000eb780000, 0x0000000100000000)
  eden space 147968K, 0% used [0x00000000e0000000,0x00000000e0000000,0x00000000e9080000)
  from space 18432K, 50% used [0x00000000ea580000,0x00000000eaea1c58,0x00000000eb780000)
  to   space 19968K, 0% used [0x00000000e9080000,0x00000000e9080000,0x00000000ea400000)
 ParOldGen       total 206848K, used 50557K [0x00000000a0000000, 0x00000000aca00000, 0x00000000e0000000)
  object space 206848K, 24% used [0x00000000a0000000,0x00000000a315f618,0x00000000aca00000)
 Metaspace       used 82370K, capacity 85890K, committed 86144K, reserved 1124352K
  class space    used 10653K, capacity 11294K, committed 11392K, reserved 1048576K
}
Event: 160.700 GC heap before
{Heap before GC invocations=23 (full 4):
 PSYoungGen      total 166400K, used 157319K [0x00000000e0000000, 0x00000000eb780000, 0x0000000100000000)
  eden space 147968K, 100% used [0x00000000e0000000,0x00000000e9080000,0x00000000e9080000)
  from space 18432K, 50% used [0x00000000ea580000,0x00000000eaea1c58,0x00000000eb780000)
  to   space 19968K, 0% used [0x00000000e9080000,0x00000000e9080000,0x00000000ea400000)
 ParOldGen       total 206848K, used 50557K [0x00000000a0000000, 0x00000000aca00000, 0x00000000e0000000)
  object space 206848K, 24% used [0x00000000a0000000,0x00000000a315f618,0x00000000aca00000)
 Metaspace       used 82938K, capacity 86540K, committed 86656K, reserved 1124352K
  class space    used 10671K, capacity 11325K, committed 11392K, reserved 1048576K
Event: 160.714 GC heap after
Heap after GC invocations=23 (full 4):
 PSYoungGen      total 167936K, used 7090K [0x00000000e0000000, 0x00000000eb880000, 0x0000000100000000)
  eden space 147968K, 0% used [0x00000000e0000000,0x00000000e0000000,0x00000000e9080000)
  from space 19968K, 35% used [0x00000000e9080000,0x00000000e976c998,0x00000000ea400000)
  to   space 19456K, 0% used [0x00000000ea580000,0x00000000ea580000,0x00000000eb880000)
 ParOldGen       total 206848K, used 50565K [0x00000000a0000000, 0x00000000aca00000, 0x00000000e0000000)
  object space 206848K, 24% used [0x00000000a0000000,0x00000000a3161618,0x00000000aca00000)
 Metaspace       used 82938K, capacity 86540K, committed 86656K, reserved 1124352K
  class space    used 10671K, capacity 11325K, committed 11392K, reserved 1048576K
}

